#
# There is insufficient memory for the Java Runtime Environment to continue.
# Native memory allocation (malloc) failed to allocate 1048576 bytes for AllocateHeap
# Possible reasons:
#   The system is out of physical RAM or swap space
#   The process is running with CompressedOops enabled, and the Java Heap may be blocking the growth of the native heap
# Possible solutions:
#   Reduce memory load on the system
#   Increase physical memory or swap space
#   Check if swap backing store is full
#   Decrease Java heap size (-Xmx/-Xms)
#   Decrease number of Java threads
#   Decrease Java thread stack sizes (-Xss)
#   Set larger code cache with -XX:ReservedCodeCacheSize=
#   JVM is running with Unscaled Compressed Oops mode in which the Java heap is
#     placed in the first 4GB address space. The Java Heap base address is the
#     maximum limit for the native heap growth. Please use -XX:HeapBaseMinAddress
#     to set the Java Heap base and to place the Java Heap above 4GB virtual address.
# This output file may be truncated or incomplete.
#
#  Out of Memory Error (memory/allocation.inline.hpp:61), pid=11640, tid=0x00000000000031dc
#
# JRE version:  (8.0_211-b12) (build )
# Java VM: Java HotSpot(TM) 64-Bit Server VM (25.211-b12 mixed mode windows-amd64 compressed oops)
# Failed to write core dump. Minidumps are not enabled by default on client versions of Windows
#

---------------  T H R E A D  ---------------

Current thread (0x0000000003136800):  JavaThread "Unknown thread" [_thread_in_vm, id=12764, stack(0x0000000002f10000,0x0000000003010000)]

Stack: [0x0000000002f10000,0x0000000003010000]
[error occurred during error reporting (printing stack bounds), id 0xc0000005]

Native frames: (J=compiled Java code, j=interpreted, Vv=VM code, C=native code)


---------------  P R O C E S S  ---------------

Java Threads: ( => current thread )

Other Threads:

=>0x0000000003136800 (exited) JavaThread "Unknown thread" [_thread_in_vm, id=12764, stack(0x0000000002f10000,0x0000000003010000)]

VM state:not at safepoint (normal execution)

VM Mutex/Monitor currently owned by a thread: None

heap address: 0x0000000081a00000, size: 2022 MB, Compressed Oops mode: 32-bit
Narrow klass base: 0x0000000000000000, Narrow klass shift: 3
Compressed class space size: 1073741824 Address: 0x0000000100000000

Heap:
 PSYoungGen      total 38400K, used 665K [0x00000000d5e00000, 0x00000000d8880000, 0x0000000100000000)
  eden space 33280K, 2% used [0x00000000d5e00000,0x00000000d5ea6670,0x00000000d7e80000)
  from space 5120K, 0% used [0x00000000d8380000,0x00000000d8380000,0x00000000d8880000)
  to   space 5120K, 0% used [0x00000000d7e80000,0x00000000d7e80000,0x00000000d8380000)
 ParOldGen       total 87552K, used 0K [0x0000000081a00000, 0x0000000086f80000, 0x00000000d5e00000)
  object space 87552K, 0% used [0x0000000081a00000,0x0000000081a00000,0x0000000086f80000)
 Metaspace       used 775K, capacity 4480K, committed 4480K, reserved 1056768K
  class space    used 76K, capacity 384K, committed 384K, reserved 1048576K

Card table byte_map: [0x00000000125f0000,0x00000000129f0000] byte_map_base: 0x00000000121e3000

Marking Bits: (ParMarkBitMap*) 0x000000005edf5ce0
 Begin Bits: [0x00000000130a0000, 0x0000000015038000)
 End Bits:   [0x0000000015038000, 0x0000000016fd0000)

Polling page: 0x0000000001380000

CodeCache: size=245760Kb used=328Kb max_used=328Kb free=245431Kb
 bounds [0x0000000003230000, 0x00000000034a0000, 0x0000000012230000]
 total_blobs=58 nmethods=0 adapters=38
 compilation: enabled

Compilation events (0 events):
No events

GC Heap History (0 events):
No events

Deoptimization events (0 events):
No events

Classes redefined (0 events):
No events

Internal exceptions (0 events):
No events

Events (10 events):
Event: 0.046 loading class java/lang/Short
Event: 0.048 loading class java/lang/Short done
Event: 0.048 loading class java/lang/Integer
Event: 0.048 loading class java/lang/Integer done
Event: 0.048 loading class java/lang/Long
Event: 0.049 loading class java/lang/Long done
Event: 0.050 loading class java/lang/NullPointerException
Event: 0.050 loading class java/lang/NullPointerException done
Event: 0.050 loading class java/lang/ArithmeticException
Event: 0.050 loading class java/lang/ArithmeticException done


Dynamic libraries:
0x00007ff74b9b0000 - 0x00007ff74b9e7000 	C:\Java\jdk1.8.0_211\bin\java.exe
0x00007ffe89210000 - 0x00007ffe89405000 	C:\WINDOWS\SYSTEM32\ntdll.dll
0x00007ffe88600000 - 0x00007ffe886be000 	C:\WINDOWS\System32\KERNEL32.DLL
0x00007ffe86b10000 - 0x00007ffe86dd8000 	C:\WINDOWS\System32\KERNELBASE.dll
0x00007ffe87270000 - 0x00007ffe8731e000 	C:\WINDOWS\System32\ADVAPI32.dll
0x00007ffe886d0000 - 0x00007ffe8876e000 	C:\WINDOWS\System32\msvcrt.dll
0x00007ffe87560000 - 0x00007ffe875fc000 	C:\WINDOWS\System32\sechost.dll
0x00007ffe890a0000 - 0x00007ffe891c5000 	C:\WINDOWS\System32\RPCRT4.dll
0x00007ffe879c0000 - 0x00007ffe87b60000 	C:\WINDOWS\System32\USER32.dll
0x00007ffe870d0000 - 0x00007ffe870f2000 	C:\WINDOWS\System32\win32u.dll
0x00007ffe88310000 - 0x00007ffe8833a000 	C:\WINDOWS\System32\GDI32.dll
0x00007ffe86de0000 - 0x00007ffe86eeb000 	C:\WINDOWS\System32\gdi32full.dll
0x00007ffe87030000 - 0x00007ffe870cd000 	C:\WINDOWS\System32\msvcp_win.dll
0x00007ffe87170000 - 0x00007ffe87270000 	C:\WINDOWS\System32\ucrtbase.dll
0x00007ffe73d70000 - 0x00007ffe7400a000 	C:\WINDOWS\WinSxS\amd64_microsoft.windows.common-controls_6595b64144ccf1df_6.0.19041.1110_none_60b5254171f9507e\COMCTL32.dll
0x00007ffe888a0000 - 0x00007ffe888d0000 	C:\WINDOWS\System32\IMM32.DLL
0x0000000060a70000 - 0x0000000060b42000 	C:\Java\jdk1.8.0_211\jre\bin\msvcr100.dll
0x000000005e5d0000 - 0x000000005ee75000 	C:\Java\jdk1.8.0_211\jre\bin\server\jvm.dll
0x00007ffe88520000 - 0x00007ffe88528000 	C:\WINDOWS\System32\PSAPI.DLL
0x00007ffe717e0000 - 0x00007ffe717e9000 	C:\WINDOWS\SYSTEM32\WSOCK32.dll
0x00007ffe874f0000 - 0x00007ffe8755b000 	C:\WINDOWS\System32\WS2_32.dll
0x00007ffe731b0000 - 0x00007ffe731d7000 	C:\WINDOWS\SYSTEM32\WINMM.dll
0x00007ffe7df40000 - 0x00007ffe7df4a000 	C:\WINDOWS\SYSTEM32\VERSION.dll
0x00007ffe82680000 - 0x00007ffe8268f000 	C:\Java\jdk1.8.0_211\jre\bin\verify.dll
0x00007ffe810d0000 - 0x00007ffe810f9000 	C:\Java\jdk1.8.0_211\jre\bin\java.dll
0x00007ffe810a0000 - 0x00007ffe810c3000 	C:\Java\jdk1.8.0_211\jre\bin\instrument.dll
0x00007ffe81bd0000 - 0x00007ffe81be6000 	C:\Java\jdk1.8.0_211\jre\bin\zip.dll

VM Arguments:
jvm_args: -javaagent:C:\Program Files\JetBrains\IntelliJ IDEA Community Edition 2021.3.3\lib\idea_rt.jar=64396:C:\Program Files\JetBrains\IntelliJ IDEA Community Edition 2021.3.3\bin -Dfile.encoding=UTF-8 
java_command: com.springboot.hrk.calorietracker.util.Test
java_class_path (initial): C:\Java\jdk1.8.0_211\jre\lib\charsets.jar;C:\Java\jdk1.8.0_211\jre\lib\deploy.jar;C:\Java\jdk1.8.0_211\jre\lib\ext\access-bridge-64.jar;C:\Java\jdk1.8.0_211\jre\lib\ext\cldrdata.jar;C:\Java\jdk1.8.0_211\jre\lib\ext\dnsns.jar;C:\Java\jdk1.8.0_211\jre\lib\ext\jaccess.jar;C:\Java\jdk1.8.0_211\jre\lib\ext\jfxrt.jar;C:\Java\jdk1.8.0_211\jre\lib\ext\localedata.jar;C:\Java\jdk1.8.0_211\jre\lib\ext\nashorn.jar;C:\Java\jdk1.8.0_211\jre\lib\ext\sunec.jar;C:\Java\jdk1.8.0_211\jre\lib\ext\sunjce_provider.jar;C:\Java\jdk1.8.0_211\jre\lib\ext\sunmscapi.jar;C:\Java\jdk1.8.0_211\jre\lib\ext\sunpkcs11.jar;C:\Java\jdk1.8.0_211\jre\lib\ext\zipfs.jar;C:\Java\jdk1.8.0_211\jre\lib\javaws.jar;C:\Java\jdk1.8.0_211\jre\lib\jce.jar;C:\Java\jdk1.8.0_211\jre\lib\jfr.jar;C:\Java\jdk1.8.0_211\jre\lib\jfxswt.jar;C:\Java\jdk1.8.0_211\jre\lib\jsse.jar;C:\Java\jdk1.8.0_211\jre\lib\management-agent.jar;C:\Java\jdk1.8.0_211\jre\lib\plugin.jar;C:\Java\jdk1.8.0_211\jre\lib\resources.jar;C:\Java\jdk1.8.0_211\jre\lib\rt.jar;E:\HrkCrudSpringBoot\calorie-tracker\target\classes;C:\Users\1991h\.m2\repository\org\springframework\boot\spring-boot-starter-data-jpa\2.6.6\spring-boot-starter-data-jpa-2.6.6.jar;C:\Users\1991h\.m2\repository\org\springframework\boot\spring-boot-starter-aop\2.6.6\spring-boot-starter-aop-2.6.6.jar;C:\Users\1991h\.m2\repository\org\springframework\spring-aop\5.3.18\spring-aop-5.3.18.jar;C:\Users\1991h\.m2\repository\org\aspectj\aspectjweaver\1.9.7\aspectjweaver-1.9.7.jar;C:\Users\1991h\.m2\repository\org\springframework\boot\spring-boot-starter-jdbc\2.6.6\spring-boot-starter-jdbc-2.6.6.jar;C:\Users\1991h\.m2\repository\com\zaxxer\HikariCP\4.0.3\HikariCP-4.0.3.jar;C:\Users\1991h\.m2\repository\org\springframework\spring-jdbc\5.3.18\spring-jdbc-5.3.18.jar;C:\Users\1991h\.m2\repository\jakarta\transaction\jakarta.transaction-api\1.3.3\jakarta.transaction-api-1.3.3.jar;C:\Users\1991h\.m2\repository\jakarta\persistence\jakarta.persistence-api\2.2.3\jakarta.persi
Launcher Type: SUN_STANDARD

Environment Variables:
JAVA_HOME=C:\Java\jdk1.8.0_211
CLASSPATH=C:\Java\jdk1.8.0_211\lib;C:\hadoop-2.9.2\lib;
PATH=C:\OraHome_1\bin;C:\oracle\product\10.2.0\db_1\bin;C:\Program Files (x86)\Common Files\Oracle\Java\javapath;C:\Program Files\Microsoft MPI\Bin\;C:\Program Files (x86)\Intel\iCLS Client\;C:\Program Files\Intel\iCLS Client\;C:\windows\system32;C:\windows;C:\windows\System32\Wbem;C:\windows\System32\WindowsPowerShell\v1.0\;C:\Program Files (x86)\Intel\Intel(R) Management Engine Components\DAL;C:\Program Files\Intel\Intel(R) Management Engine Components\DAL;C:\Program Files (x86)\Intel\Intel(R) Management Engine Components\IPT;C:\Program Files\Intel\Intel(R) Management Engine Components\IPT;C:\Program Files (x86)\NVIDIA Corporation\PhysX\Common;C:\WINDOWS\system32;C:\WINDOWS;C:\WINDOWS\System32\Wbem;C:\WINDOWS\System32\WindowsPowerShell\v1.0\;C:\WINDOWS\System32\OpenSSH\;C:\Program Files\Microsoft SQL Server\Client SDK\ODBC\170\Tools\Binn\;C:\Java\jdk1.8.0_211\bin;C:\hadoop-2.9.2\bin;C:\hive\apache-hive-2.1.1-bin\bin;C:\derby\db-derby-10.12.1.1-bin\bin;C:\Android;C:\Windows\System32;C:\pig-0.17.0\bin;C:\apache-zookeeper-3.6.0\bin;C:\Program Files\Git\cmd;C:\Program Files (x86)\Common Files\Apple\Internet Services\;C:\Program Files (x86)\Microsoft SQL Server\150\Tools\Binn\;C:\Program Files\Microsoft SQL Server\150\Tools\Binn\;C:\Program Files\Microsoft SQL Server\150\DTS\Binn\;C:\Program Files\Snowflake SnowSQL\;C:\Program Files\Docker\Docker\resources\bin;C:\ProgramData\DockerDesktop\version-bin;C:\Program Files\MySQL\MySQL Shell 8.0\bin\;C:\Users\1991h\AppData\Local\Microsoft\WindowsApps;C:\Program Files\7-Zip;C:\Java\jdk1.8.0_211\bin;C:\hadoop-2.9.2\bin;C:\hadoop-2.9.2\sbin;C:\derby\db-derby-10.12.1.1-bin\bin;C:\hive\apache-hive-2.1.1-bin\bin;C:\pig-0.17.0\bin;C:\apache-zookeeper-3.6.0\bin;C:\Program Files\MongoDB\Server\4.4\bin
USERNAME=1991h
LD_LIBRARY_PATH=C:\hadoop-2.9.2\lib\native\
OS=Windows_NT
PROCESSOR_IDENTIFIER=Intel64 Family 6 Model 78 Stepping 3, GenuineIntel



---------------  S Y S T E M  ---------------

OS: Windows 10.0 , 64 bit Build 19041 (10.0.19041.1645)

CPU:total 4 (initial active 4) (2 cores per cpu, 2 threads per core) family 6 model 78 stepping 3, cmov, cx8, fxsr, mmx, sse, sse2, sse3, ssse3, sse4.1, sse4.2, popcnt, avx, avx2, aes, clmul, erms, 3dnowpref, lzcnt, ht, tsc, tscinvbit, bmi1, bmi2, adx

Memory: 4k page, physical 8275880k(1103152k free), swap 10221480k(5440k free)

vm_info: Java HotSpot(TM) 64-Bit Server VM (25.211-b12) for windows-amd64 JRE (1.8.0_211-b12), built on Apr  1 2019 20:53:26 by "java_re" with MS VC++ 10.0 (VS2010)

time: Fri May 06 20:18:04 2022
timezone: India Standard Time
elapsed time: 0 seconds (0d 0h 0m 0s)

